<?xml version="1.0" encoding="UTF-8"?>
<!-- Generated by org.testng.reporters.JUnitReportReporter -->
<testsuite hostname="Hiccup" failures="0" tests="1" name="com.Pankaj.Wagh.DemoClass" time="26.135" errors="0" timestamp="2021-11-21T19:33:30 IST" skipped="0">
  <testcase classname="com.Pankaj.Wagh.DemoClass" name="logIn" time="26.135"/>
  <system-out/>
</testsuite> <!-- com.Pankaj.Wagh.DemoClass -->
